<?xml version="1.0" encoding="UTF-8"?>
<testng-results skipped="0" failed="0" total="1" passed="1">
  <reporter-output>
  </reporter-output>
  <suite name="Default suite" duration-ms="15321" started-at="2022-04-11T09:53:58Z" finished-at="2022-04-11T09:54:13Z">
    <groups>
    </groups>
    <test name="Default test" duration-ms="15321" started-at="2022-04-11T09:53:58Z" finished-at="2022-04-11T09:54:13Z">
      <class name="com.testscripts.VerifyKapivaFieldsHeaders">
        <test-method status="PASS" signature="StartTest()[pri:0, instance:com.testscripts.VerifyKapivaFieldsHeaders@400cff1a]" name="StartTest" is-config="true" duration-ms="248" started-at="2022-04-11T15:23:57Z" finished-at="2022-04-11T15:23:58Z">
          <reporter-output>
          </reporter-output>
        </test-method> <!-- StartTest -->
        <test-method status="PASS" signature="kapivaHomePage()[pri:0, instance:com.testscripts.VerifyKapivaFieldsHeaders@400cff1a]" name="kapivaHomePage" duration-ms="15075" started-at="2022-04-11T15:23:58Z" finished-at="2022-04-11T15:24:13Z">
          <reporter-output>
          </reporter-output>
        </test-method> <!-- kapivaHomePage -->
        <test-method status="PASS" signature="getResult(org.testng.ITestResult)[pri:0, instance:com.testscripts.VerifyKapivaFieldsHeaders@400cff1a]" name="getResult" is-config="true" duration-ms="3" started-at="2022-04-11T15:24:13Z" finished-at="2022-04-11T15:24:13Z">
          <params>
            <param index="0">
              <value>
                <![CDATA[[TestResult name=kapivaHomePage status=SUCCESS method=VerifyKapivaFieldsHeaders.kapivaHomePage()[pri:0, instance:com.testscripts.VerifyKapivaFieldsHeaders@400cff1a] output={null}]]]>
              </value>
            </param>
          </params>
          <reporter-output>
          </reporter-output>
        </test-method> <!-- getResult -->
        <test-method status="PASS" signature="quitDriver()[pri:0, instance:com.testscripts.VerifyKapivaFieldsHeaders@400cff1a]" name="quitDriver" is-config="true" duration-ms="221" started-at="2022-04-11T15:24:13Z" finished-at="2022-04-11T15:24:13Z">
          <reporter-output>
          </reporter-output>
        </test-method> <!-- quitDriver -->
        <test-method status="PASS" signature="endReport()[pri:0, instance:com.testscripts.VerifyKapivaFieldsHeaders@400cff1a]" name="endReport" is-config="true" duration-ms="569" started-at="2022-04-11T15:24:13Z" finished-at="2022-04-11T15:24:14Z">
          <reporter-output>
          </reporter-output>
        </test-method> <!-- endReport -->
      </class> <!-- com.testscripts.VerifyKapivaFieldsHeaders -->
    </test> <!-- Default test -->
  </suite> <!-- Default suite -->
</testng-results>
